<?xml version="1.0" encoding="UTF-8"?>
<testng-results ignored="0" total="2" passed="2" failed="0" skipped="0">
  <reporter-output>
  </reporter-output>
  <suite started-at="2026-01-28T14:47:49 IST" name="Suite" finished-at="2026-01-28T14:48:25 IST" duration-ms="35915">
    <groups>
    </groups>
    <test started-at="2026-01-28T14:47:49 IST" name="Test" finished-at="2026-01-28T14:48:09 IST" duration-ms="19486">
      <class name="maven.seleniumproj.crossbrowser">
        <test-method signature="loginpage(java.lang.String)[pri:0, instance:maven.seleniumproj.crossbrowser@6aeb35e6]" started-at="2026-01-28T14:47:49 IST" name="loginpage" finished-at="2026-01-28T14:48:09 IST" duration-ms="19419" status="PASS">
          <params>
            <param index="0">
              <value>
                <![CDATA[chrome]]>
              </value>
            </param>
          </params>
          <reporter-output>
          </reporter-output>
        </test-method> <!-- loginpage -->
      </class> <!-- maven.seleniumproj.crossbrowser -->
    </test> <!-- Test -->
    <test started-at="2026-01-28T14:48:09 IST" name="Test1" finished-at="2026-01-28T14:48:25 IST" duration-ms="16330">
      <class name="maven.seleniumproj.crossbrowser">
        <test-method signature="loginpage(java.lang.String)[pri:0, instance:maven.seleniumproj.crossbrowser@7e6f74c]" started-at="2026-01-28T14:48:09 IST" name="loginpage" finished-at="2026-01-28T14:48:25 IST" duration-ms="16321" status="PASS">
          <params>
            <param index="0">
              <value>
                <![CDATA[edge]]>
              </value>
            </param>
          </params>
          <reporter-output>
          </reporter-output>
        </test-method> <!-- loginpage -->
      </class> <!-- maven.seleniumproj.crossbrowser -->
    </test> <!-- Test1 -->
  </suite> <!-- Suite -->
</testng-results>
