<?xml version="1.0" encoding="UTF-8"?>
<!-- Generated by org.testng.reporters.JUnitReportReporter -->
<testsuite hostname="U-3L684D3" failures="0" tests="2" name="maven.seleniumproj.crossbrowser" time="35.740" errors="0" timestamp="2026-01-28T14:48:25 IST" skipped="0">
  <testcase classname="maven.seleniumproj.crossbrowser" name="loginpage" time="16.321"/>
  <testcase classname="maven.seleniumproj.crossbrowser" name="loginpage" time="19.419"/>
</testsuite> <!-- maven.seleniumproj.crossbrowser -->
