<?xml version="1.0" encoding="UTF-8"?>
<!-- Generated by org.testng.reporters.JUnitReportReporter -->
<testsuite hostname="U-3L684D3" failures="0" tests="8" name="maven.seleniumproj.TestNG" time="0.027" errors="0" timestamp="2026-01-27T11:59:18 IST" skipped="0">
  <testcase classname="maven.seleniumproj.TestNG" name="testcase3" time="0.002"/>
  <testcase classname="maven.seleniumproj.TestNG" name="testcase3" time="0.002"/>
  <testcase classname="maven.seleniumproj.TestNG" name="testcase3" time="0.002"/>
  <testcase classname="maven.seleniumproj.TestNG" name="testcase3" time="0.002"/>
  <testcase classname="maven.seleniumproj.TestNG" name="testcase3" time="0.001"/>
  <testcase classname="maven.seleniumproj.TestNG" name="testcase1" time="0.015"/>
  <testcase classname="maven.seleniumproj.TestNG" name="testcase2" time="0.002"/>
  <testcase classname="maven.seleniumproj.TestNG" name="testcase" time="0.001"/>
</testsuite> <!-- maven.seleniumproj.TestNG -->
