<?xml version="1.0" encoding="UTF-8"?>
<!-- Generated by org.testng.reporters.JUnitXMLReporter -->
<testsuite ignored="3" hostname="U-3L684D3" failures="0" tests="1" name="GRP-Test" time="0.075" errors="0" timestamp="2026-01-27T11:42:48 IST">
  <testcase classname="maven.seleniumproj.TestNG" name="testcase1" time="0.012"/>
  <testcase classname="maven.seleniumproj.TestNG" name="testcase" time="0.0">
    <ignored/>
  </testcase> <!-- testcase -->
  <testcase classname="maven.seleniumproj.TestNG" name="testcase3" time="0.0">
    <ignored/>
  </testcase> <!-- testcase3 -->
  <testcase classname="maven.seleniumproj.TestNG" name="testcase2" time="0.0">
    <ignored/>
  </testcase> <!-- testcase2 -->
</testsuite> <!-- GRP-Test -->
